Remember that you can report errors and get help in https://github.com/NicoSantangelo/sublime-gulp

12-07-2017 11:05:
(node:9356) [DEP0013] DeprecationWarning: Calling an asynchronous function without callback is deprecated.


12-07-2017 23:41:
C:\Users\oilPersonage\AppData\Roaming\Sublime Text 3\Packages\Gulp\write_tasks_to_cache.js:31
        throw ex;
        ^

Error: Missing binding D:\WORK\Leo\site\node_modules\node-sass\vendor\win32-x64-48\binding.node
Node Sass could not find a binding for your current environment: Windows 64-bit with Node.js 6.x

Found bindings for the following environments:
  - Windows 64-bit with Node.js 8.x

This usually happens because your environment has changed since running `npm install`.
Run `npm rebuild node-sass --force` to build the binding for your current environment.
    at module.exports (D:\WORK\Leo\site\node_modules\node-sass\lib\binding.js:15:13)
    at Object.<anonymous> (D:\WORK\Leo\site\node_modules\node-sass\lib\index.js:14:35)
    at Module._compile (module.js:570:32)
    at Object.Module._extensions..js (module.js:579:10)
    at Module.load (module.js:487:32)
    at tryModuleLoad (module.js:446:12)
    at Function.Module._load (module.js:438:3)
    at Module.require (module.js:497:17)
    at require (internal/module.js:20:19)
    at Object.<anonymous> (D:\WORK\Leo\site\node_modules\gulp-sass\index.js:187:21)
